Node.js version v23.5.0 detected.
Odd numbered Node.js versions will not enter LTS status and should not be used for production. For more information, please see https://nodejs.org/en/about/previous-releases/.
[33m❯[39m Building...
[32m✔[39m Building...
[1mInitial chunk files[22m  [2m | [22m[1mNames[22m          [2m | [22m [1mRaw size[22m[2m | [22m[1mEstimated transfer size[22m
[32mchunk-QKBRVZ6P.js[39m    [2m | [22m[2m-[22m              [2m | [22m[36m135.20 kB[39m[2m | [22m               [36m39.63 kB[39m
[32mchunk-2EJSPPNQ.js[39m    [2m | [22m[2m-[22m              [2m | [22m [36m90.20 kB[39m[2m | [22m               [36m22.66 kB[39m
[32mpolyfills-FFHMD2TL.js[39m[2m | [22m[2mpolyfills[22m      [2m | [22m [36m34.52 kB[39m[2m | [22m               [36m11.28 kB[39m
[32mchunk-L4GYTDAI.js[39m    [2m | [22m[2m-[22m              [2m | [22m [36m31.42 kB[39m[2m | [22m                [36m8.67 kB[39m
[32mmain-3TXGQPMJ.js[39m     [2m | [22m[2mmain[22m           [2m | [22m  [36m2.69 kB[39m[2m | [22m              [36m955 bytes[39m
[32mstyles-QVV2MCEK.css[39m  [2m | [22m[2mstyles[22m         [2m | [22m  [36m2.22 kB[39m[2m | [22m              [36m673 bytes[39m

[1m [22m                    [2m | [22m[1mInitial total[22m  [2m | [22m[1m296.24 kB[22m[2m | [22m               [1m83.87 kB[22m

[1mLazy chunk files[22m     [2m | [22m[1mNames[22m          [2m | [22m [1mRaw size[22m[2m | [22m[1mEstimated transfer size[22m
[32mchunk-L4VN2AWR.js[39m    [2m | [22m[2mpage1-component[22m[2m | [22m[36m507.24 kB[39m[2m | [22m              [36m106.17 kB[39m
[32mchunk-YSELFI3D.js[39m    [2m | [22m[2mhome-component[22m [2m | [22m [36m32.55 kB[39m[2m | [22m                [36m7.48 kB[39m
[32mchunk-7E6ZBYBT.js[39m    [2m | [22m[2mabout-component[22m[2m | [22m  [36m4.00 kB[39m[2m | [22m                [36m1.20 kB[39m

Application bundle generation complete. [3.265 seconds]

[1m[33m[33m▲ [43;33m[[43;30mWARNING[43;33m][0m [1mDeprecation[0m [1m[35m[plugin angular-sass][0m

    src/app/components/login/login.component.scss:93:24:
[37m      93 │       background-color: [32m[37mdarken($primary-color, 10%);
         ╵                         [32m^[0m


  Global built-in functions are deprecated and will be removed in Dart Sass 3.0.0.
  Use color.adjust instead.
  
  More info and automated migrator: [4mhttps://sass-lang.com/d/import[0m


[33m▲ [43;33m[[43;30mWARNING[43;33m][0m [1mDeprecation[0m [1m[35m[plugin angular-sass][0m

    src/app/components/login/login.component.scss:93:24:
[37m      93 │       background-color: [32m[37mdarken($primary-color, 10%);
         ╵                         [32m^[0m


  darken() is deprecated. Suggestions:
  
  color.scale($color, $lightness: -19.1011235955%)
  color.adjust($color, $lightness: -10%)
  
  More info: [4mhttps://sass-lang.com/d/color-functions[0m


[33m▲ [43;33m[[43;30mWARNING[43;33m][0m [1mDeprecation[0m [1m[35m[plugin angular-sass][0m

    src/styles.scss:4:8:
[37m      4 │ @import [32m[37m'styles/variables';
        ╵         [32m^[0m


  Sass @import rules are deprecated and will be removed in Dart Sass 3.0.0.
  
  More info and automated migrator: [4mhttps://sass-lang.com/d/import[0m

  The plugin "angular-sass" was triggered by this import

    angular:styles/global:styles:1:8:
[37m      1 │ @import [32m'src/styles.scss'[37m;
        ╵         [32m~~~~~~~~~~~~~~~~~[0m


[33m▲ [43;33m[[43;30mWARNING[43;33m][0m [1mDeprecation[0m [1m[35m[plugin angular-sass][0m

    src/styles.scss:5:8:
[37m      5 │ @import [32m[37m'styles/mixins';
        ╵         [32m^[0m


  Sass @import rules are deprecated and will be removed in Dart Sass 3.0.0.
  
  More info and automated migrator: [4mhttps://sass-lang.com/d/import[0m

  The plugin "angular-sass" was triggered by this import

    angular:styles/global:styles:1:8:
[37m      1 │ @import [32m'src/styles.scss'[37m;
        ╵         [32m~~~~~~~~~~~~~~~~~[0m


[33m▲ [43;33m[[43;30mWARNING[43;33m][0m [1mDeprecation[0m [1m[35m[plugin angular-sass][0m

    src/styles.scss:6:8:
[37m      6 │ @import [32m[37m'styles/theme';
        ╵         [32m^[0m


  Sass @import rules are deprecated and will be removed in Dart Sass 3.0.0.
  
  More info and automated migrator: [4mhttps://sass-lang.com/d/import[0m

  The plugin "angular-sass" was triggered by this import

    angular:styles/global:styles:1:8:
[37m      1 │ @import [32m'src/styles.scss'[37m;
        ╵         [32m~~~~~~~~~~~~~~~~~[0m


[33m▲ [43;33m[[43;30mWARNING[43;33m][0m [1mDeprecation[0m [1m[35m[plugin angular-sass][0m

    src/styles.scss:35:11:
[37m      35 │     color: [32m[37mdarken($primary-color, 15%);
         ╵            [32m^[0m


  Global built-in functions are deprecated and will be removed in Dart Sass 3.0.0.
  Use color.adjust instead.
  
  More info and automated migrator: [4mhttps://sass-lang.com/d/import[0m

  The plugin "angular-sass" was triggered by this import

    angular:styles/global:styles:1:8:
[37m      1 │ @import [32m'src/styles.scss'[37m;
        ╵         [32m~~~~~~~~~~~~~~~~~[0m


[33m▲ [43;33m[[43;30mWARNING[43;33m][0m [1mDeprecation[0m [1m[35m[plugin angular-sass][0m

    src/styles.scss:35:11:
[37m      35 │     color: [32m[37mdarken($primary-color, 15%);
         ╵            [32m^[0m


  darken() is deprecated. Suggestions:
  
  color.scale($color, $lightness: -30%)
  color.adjust($color, $lightness: -15%)
  
  More info: [4mhttps://sass-lang.com/d/color-functions[0m

  The plugin "angular-sass" was triggered by this import

    angular:styles/global:styles:1:8:
[37m      1 │ @import [32m'src/styles.scss'[37m;
        ╵         [32m~~~~~~~~~~~~~~~~~[0m


[33m▲ [43;33m[[43;30mWARNING[43;33m][0m [1mDeprecation[0m [1m[35m[plugin angular-sass][0m

    src/styles/_theme.scss:42:21:
[37m      42 │   --primary-color: #{[32m[37mlighten($primary-color, 10%)};
         ╵                      [32m^[0m


  Global built-in functions are deprecated and will be removed in Dart Sass 3.0.0.
  Use color.adjust instead.
  
  More info and automated migrator: [4mhttps://sass-lang.com/d/import[0m

  The plugin "angular-sass" was triggered by this import

    angular:styles/global:styles:1:8:
[37m      1 │ @import [32m'src/styles.scss'[37m;
        ╵         [32m~~~~~~~~~~~~~~~~~[0m


[33m▲ [43;33m[[43;30mWARNING[43;33m][0m [1mDeprecation[0m [1m[35m[plugin angular-sass][0m

    src/styles/_theme.scss:42:21:
[37m      42 │   --primary-color: #{[32m[37mlighten($primary-color, 10%)};
         ╵                      [32m^[0m


  lighten() is deprecated. Suggestions:
  
  color.scale($color, $lightness: 20%)
  color.adjust($color, $lightness: 10%)
  
  More info: [4mhttps://sass-lang.com/d/color-functions[0m

  The plugin "angular-sass" was triggered by this import

    angular:styles/global:styles:1:8:
[37m      1 │ @import [32m'src/styles.scss'[37m;
        ╵         [32m~~~~~~~~~~~~~~~~~[0m


[33m▲ [43;33m[[43;30mWARNING[43;33m][0m [1mDeprecation[0m [1m[35m[plugin angular-sass][0m

    src/styles/_theme.scss:45:20:
[37m      45 │   --border-color: #{[32m[37mlighten($border-color, 40%)};
         ╵                     [32m^[0m


  Global built-in functions are deprecated and will be removed in Dart Sass 3.0.0.
  Use color.adjust instead.
  
  More info and automated migrator: [4mhttps://sass-lang.com/d/import[0m

  The plugin "angular-sass" was triggered by this import

    angular:styles/global:styles:1:8:
[37m      1 │ @import [32m'src/styles.scss'[37m;
        ╵         [32m~~~~~~~~~~~~~~~~~[0m


[33m▲ [43;33m[[43;30mWARNING[43;33m][0m [1mDeprecation[0m [1m[35m[plugin angular-sass][0m

    src/styles/_theme.scss:45:20:
[37m      45 │   --border-color: #{[32m[37mlighten($border-color, 40%)};
         ╵                     [32m^[0m


  lighten() is deprecated. Suggestions:
  
  color.scale($color, $lightness: 100%)
  color.adjust($color, $lightness: 40%)
  
  More info: [4mhttps://sass-lang.com/d/color-functions[0m

  The plugin "angular-sass" was triggered by this import

    angular:styles/global:styles:1:8:
[37m      1 │ @import [32m'src/styles.scss'[37m;
        ╵         [32m~~~~~~~~~~~~~~~~~[0m


[33m▲ [43;33m[[43;30mWARNING[43;33m][0m [1mDeprecation[0m [1m[35m[plugin angular-sass][0m

    src/styles/_theme.scss:47:22:
[37m      47 │   background-color: #{[32m[37mdarken($dark-color, 5%)};
         ╵                       [32m^[0m


  Global built-in functions are deprecated and will be removed in Dart Sass 3.0.0.
  Use color.adjust instead.
  
  More info and automated migrator: [4mhttps://sass-lang.com/d/import[0m

  The plugin "angular-sass" was triggered by this import

    angular:styles/global:styles:1:8:
[37m      1 │ @import [32m'src/styles.scss'[37m;
        ╵         [32m~~~~~~~~~~~~~~~~~[0m


[33m▲ [43;33m[[43;30mWARNING[43;33m][0m [1mDeprecation[0m [1m[35m[plugin angular-sass][0m

    src/styles/_theme.scss:47:22:
[37m      47 │   background-color: #{[32m[37mdarken($dark-color, 5%)};
         ╵                       [32m^[0m


  darken() is deprecated. Suggestions:
  
  color.scale($color, $lightness: -21.9827586207%)
  color.adjust($color, $lightness: -5%)
  
  More info: [4mhttps://sass-lang.com/d/color-functions[0m

  The plugin "angular-sass" was triggered by this import

    angular:styles/global:styles:1:8:
[37m      1 │ @import [32m'src/styles.scss'[37m;
        ╵         [32m~~~~~~~~~~~~~~~~~[0m


[33m▲ [43;33m[[43;30mWARNING[43;33m][0m [1mDeprecation[0m [1m[35m[plugin angular-sass][0m

    src/styles/_variables.scss:20:13:
[37m      20 │ $spacing-xs: [32m[37m$spacing-unit / 2;    // 4px
         ╵              [32m^[0m


  Using / for division outside of calc() is deprecated and will be removed in Dart Sass 2.0.0.
  
  Recommendation: math.div($spacing-unit, 2) or calc($spacing-unit / 2)
  
  More info and automated migrator: [4mhttps://sass-lang.com/d/slash-div[0m

  The plugin "angular-sass" was triggered by this import

    angular:styles/global:styles:1:8:
[37m      1 │ @import [32m'src/styles.scss'[37m;
        ╵         [32m~~~~~~~~~~~~~~~~~[0m

[39m[22m
Output location: C:\Users\atash\beyond-edge-lab\dist\beyond-edge-lab

